<?xml version="1.0" encoding="UTF-8"?>
<!-- Generated by org.testng.reporters.JUnitXMLReporter -->
<testsuite hostname="DINANDAK-LAP" failures="0" tests="10" name="Default test" time="750.309" errors="0" timestamp="14 Feb 2018 10:10:48 GMT">
  <testcase classname="com.crm.qa.tests.ContactListPageTest" name="createreordTest" time="22.964"/>
  <testcase classname="com.crm.qa.tests.ContactListPageTest" name="createreordTest" time="23.869"/>
  <testcase classname="com.crm.qa.tests.ContactListPageTest" name="createreordTest" time="23.032"/>
  <testcase classname="com.crm.qa.tests.ContactListPageTest" name="createreordTest" time="22.667"/>
  <testcase classname="com.crm.qa.tests.ContactListPageTest" name="createreordTest" time="22.884"/>
  <testcase classname="com.crm.qa.tests.ContactListPageTest" name="createreordTest" time="22.604"/>
  <testcase classname="com.crm.qa.tests.ContactListPageTest" name="createreordTest" time="22.59"/>
  <testcase classname="com.crm.qa.tests.ContactListPageTest" name="createreordTest" time="22.64"/>
  <testcase classname="com.crm.qa.tests.ContactListPageTest" name="createreordTest" time="22.586"/>
  <testcase classname="com.crm.qa.tests.ContactListPageTest" name="createreordTest" time="22.896"/>
</testsuite> <!-- Default test -->
