<?xml version="1.0" encoding="UTF-8"?>
<!-- Generated by org.testng.reporters.JUnitXMLReporter -->
<testsuite hostname="DINANDAK-LAP" failures="0" tests="7" name="Siebel CRM Applicatin Test Cases" time="159.603" errors="0" timestamp="8 Feb 2018 06:00:19 GMT">
  <testcase classname="com.crm.qa.tests.LoginPageTest" name="pagetitleTest" time="0.021"/>
  <testcase classname="com.crm.qa.tests.LoginPageTest" name="oraclelogoTest" time="2.015"/>
  <testcase classname="com.crm.qa.tests.LoginPageTest" name="loginTest" time="2.399"/>
  <testcase classname="com.crm.qa.tests.HomePageTest" name="HomepagetitleTest" time="20.011"/>
  <testcase classname="com.crm.qa.tests.HomePageTest" name="logoutTest" time="22.77"/>
  <testcase classname="com.crm.qa.tests.HomePageTest" name="ContactslinkTest" time="22.152"/>
  <testcase classname="com.crm.qa.tests.ContactsPageTest" name="contactspagetitleTest" time="10.012"/>
</testsuite> <!-- Siebel CRM Applicatin Test Cases -->
